::1 - - [21/May/2019:09:57:09 +0000] "GET / HTTP/1.1" - - "-" "Mozilla/5.0 (Macintosh; Intel Mac OS X 10_14_3) AppleWebKit/537.36 (KHTML, like Gecko) Chrome/74.0.3729.157 Safari/537.36"
::1 - - [21/May/2019:09:57:11 +0000] "GET / HTTP/1.1" - - "-" "Mozilla/5.0 (Macintosh; Intel Mac OS X 10_14_3) AppleWebKit/537.36 (KHTML, like Gecko) Chrome/74.0.3729.157 Safari/537.36"
::1 - - [21/May/2019:09:57:51 +0000] "GET / HTTP/1.1" - - "-" "Mozilla/5.0 (Macintosh; Intel Mac OS X 10_14_3) AppleWebKit/537.36 (KHTML, like Gecko) Chrome/74.0.3729.157 Safari/537.36"
::1 - - [21/May/2019:09:57:54 +0000] "GET /index.html HTTP/1.1" - - "-" "Mozilla/5.0 (Macintosh; Intel Mac OS X 10_14_3) AppleWebKit/537.36 (KHTML, like Gecko) Chrome/74.0.3729.157 Safari/537.36"
::1 - - [21/May/2019:09:58:12 +0000] "GET /index.html HTTP/1.1" 500 13 "-" "Mozilla/5.0 (Macintosh; Intel Mac OS X 10_14_3) AppleWebKit/537.36 (KHTML, like Gecko) Chrome/74.0.3729.157 Safari/537.36"
::1 - - [21/May/2019:09:58:40 +0000] "GET /favicon.ico HTTP/1.1" 200 174 "http://localhost:3000/index.html" "Mozilla/5.0 (Macintosh; Intel Mac OS X 10_14_3) AppleWebKit/537.36 (KHTML, like Gecko) Chrome/74.0.3729.157 Safari/537.36"
::1 - - [21/May/2019:09:58:41 +0000] "GET /index.html HTTP/1.1" 200 3517 "-" "Mozilla/5.0 (Macintosh; Intel Mac OS X 10_14_3) AppleWebKit/537.36 (KHTML, like Gecko) Chrome/74.0.3729.157 Safari/537.36"
::1 - - [21/May/2019:09:58:41 +0000] "GET /api/blog/list HTTP/1.1" 200 3342 "http://localhost:3000/index.html" "Mozilla/5.0 (Macintosh; Intel Mac OS X 10_14_3) AppleWebKit/537.36 (KHTML, like Gecko) Chrome/74.0.3729.157 Safari/537.36"
::1 - - [21/May/2019:09:58:41 +0000] "GET /favicon.ico HTTP/1.1" 200 174 "http://localhost:3000/index.html" "Mozilla/5.0 (Macintosh; Intel Mac OS X 10_14_3) AppleWebKit/537.36 (KHTML, like Gecko) Chrome/74.0.3729.157 Safari/537.36"
::1 - - [31/May/2019:07:52:09 +0000] "GET / HTTP/1.1" 200 3517 "-" "Mozilla/5.0 (Macintosh; Intel Mac OS X 10_14_3) AppleWebKit/537.36 (KHTML, like Gecko) Chrome/74.0.3729.169 Safari/537.36"
::1 - - [31/May/2019:07:52:09 +0000] "GET /api/blog/list HTTP/1.1" 200 4100 "http://localhost:8081/" "Mozilla/5.0 (Macintosh; Intel Mac OS X 10_14_3) AppleWebKit/537.36 (KHTML, like Gecko) Chrome/74.0.3729.169 Safari/537.36"
::1 - - [31/May/2019:07:52:09 +0000] "GET /favicon.ico HTTP/1.1" 200 174 "http://localhost:8081/" "Mozilla/5.0 (Macintosh; Intel Mac OS X 10_14_3) AppleWebKit/537.36 (KHTML, like Gecko) Chrome/74.0.3729.169 Safari/537.36"
::1 - - [31/May/2019:07:52:11 +0000] "GET /detail.html?id=11 HTTP/1.1" 200 2828 "http://localhost:8081/" "Mozilla/5.0 (Macintosh; Intel Mac OS X 10_14_3) AppleWebKit/537.36 (KHTML, like Gecko) Chrome/74.0.3729.169 Safari/537.36"
::1 - - [31/May/2019:07:52:11 +0000] "GET /api/blog/detail?id=11 HTTP/1.1" 200 264 "http://localhost:8081/detail.html?id=11" "Mozilla/5.0 (Macintosh; Intel Mac OS X 10_14_3) AppleWebKit/537.36 (KHTML, like Gecko) Chrome/74.0.3729.169 Safari/537.36"
::1 - - [31/May/2019:07:52:11 +0000] "GET /favicon.ico HTTP/1.1" 200 174 "http://localhost:8081/detail.html?id=11" "Mozilla/5.0 (Macintosh; Intel Mac OS X 10_14_3) AppleWebKit/537.36 (KHTML, like Gecko) Chrome/74.0.3729.169 Safari/537.36"
::1 - - [31/May/2019:07:52:16 +0000] "GET /detail.html?id=7 HTTP/1.1" 200 2828 "http://localhost:8081/" "Mozilla/5.0 (Macintosh; Intel Mac OS X 10_14_3) AppleWebKit/537.36 (KHTML, like Gecko) Chrome/74.0.3729.169 Safari/537.36"
::1 - - [31/May/2019:07:52:16 +0000] "GET /api/blog/detail?id=7 HTTP/1.1" 200 1887 "http://localhost:8081/detail.html?id=7" "Mozilla/5.0 (Macintosh; Intel Mac OS X 10_14_3) AppleWebKit/537.36 (KHTML, like Gecko) Chrome/74.0.3729.169 Safari/537.36"
::1 - - [31/May/2019:07:52:16 +0000] "GET /favicon.ico HTTP/1.1" 200 174 "http://localhost:8081/detail.html?id=7" "Mozilla/5.0 (Macintosh; Intel Mac OS X 10_14_3) AppleWebKit/537.36 (KHTML, like Gecko) Chrome/74.0.3729.169 Safari/537.36"
::1 - - [31/May/2019:08:02:33 +0000] "GET /detail.html?id=8 HTTP/1.1" 200 2828 "http://localhost:8081/" "Mozilla/5.0 (Macintosh; Intel Mac OS X 10_14_3) AppleWebKit/537.36 (KHTML, like Gecko) Chrome/74.0.3729.169 Safari/537.36"
::1 - - [31/May/2019:08:02:33 +0000] "GET /api/blog/detail?id=8 HTTP/1.1" 200 294 "http://localhost:8081/detail.html?id=8" "Mozilla/5.0 (Macintosh; Intel Mac OS X 10_14_3) AppleWebKit/537.36 (KHTML, like Gecko) Chrome/74.0.3729.169 Safari/537.36"
::1 - - [31/May/2019:08:02:33 +0000] "GET /favicon.ico HTTP/1.1" 200 174 "http://localhost:8081/detail.html?id=8" "Mozilla/5.0 (Macintosh; Intel Mac OS X 10_14_3) AppleWebKit/537.36 (KHTML, like Gecko) Chrome/74.0.3729.169 Safari/537.36"
::1 - - [31/May/2019:08:02:42 +0000] "GET /alogin HTTP/1.1" 200 174 "-" "Mozilla/5.0 (Macintosh; Intel Mac OS X 10_14_3) AppleWebKit/537.36 (KHTML, like Gecko) Chrome/74.0.3729.169 Safari/537.36"
::1 - - [31/May/2019:08:02:43 +0000] "GET /favicon.ico HTTP/1.1" 200 174 "http://localhost:8081/alogin" "Mozilla/5.0 (Macintosh; Intel Mac OS X 10_14_3) AppleWebKit/537.36 (KHTML, like Gecko) Chrome/74.0.3729.169 Safari/537.36"
::1 - - [31/May/2019:08:02:46 +0000] "GET /login HTTP/1.1" 200 174 "-" "Mozilla/5.0 (Macintosh; Intel Mac OS X 10_14_3) AppleWebKit/537.36 (KHTML, like Gecko) Chrome/74.0.3729.169 Safari/537.36"
::1 - - [31/May/2019:08:02:47 +0000] "GET /favicon.ico HTTP/1.1" 200 174 "http://localhost:8081/login" "Mozilla/5.0 (Macintosh; Intel Mac OS X 10_14_3) AppleWebKit/537.36 (KHTML, like Gecko) Chrome/74.0.3729.169 Safari/537.36"
::1 - - [31/May/2019:08:02:52 +0000] "GET /login.html HTTP/1.1" 200 2104 "-" "Mozilla/5.0 (Macintosh; Intel Mac OS X 10_14_3) AppleWebKit/537.36 (KHTML, like Gecko) Chrome/74.0.3729.169 Safari/537.36"
::1 - - [31/May/2019:08:02:53 +0000] "GET /favicon.ico HTTP/1.1" 200 174 "http://localhost:8081/login.html" "Mozilla/5.0 (Macintosh; Intel Mac OS X 10_14_3) AppleWebKit/537.36 (KHTML, like Gecko) Chrome/74.0.3729.169 Safari/537.36"
::1 - - [31/May/2019:08:02:55 +0000] "POST /api/user/login HTTP/1.1" 200 45 "http://localhost:8081/login.html" "Mozilla/5.0 (Macintosh; Intel Mac OS X 10_14_3) AppleWebKit/537.36 (KHTML, like Gecko) Chrome/74.0.3729.169 Safari/537.36"
::1 - - [31/May/2019:08:02:55 +0000] "GET /admin.html HTTP/1.1" 200 4140 "http://localhost:8081/login.html" "Mozilla/5.0 (Macintosh; Intel Mac OS X 10_14_3) AppleWebKit/537.36 (KHTML, like Gecko) Chrome/74.0.3729.169 Safari/537.36"
::1 - - [31/May/2019:08:02:55 +0000] "GET /api/blog/list?isadmin=1 HTTP/1.1" 200 2063 "http://localhost:8081/admin.html" "Mozilla/5.0 (Macintosh; Intel Mac OS X 10_14_3) AppleWebKit/537.36 (KHTML, like Gecko) Chrome/74.0.3729.169 Safari/537.36"
::1 - - [31/May/2019:08:02:55 +0000] "GET /favicon.ico HTTP/1.1" 200 174 "http://localhost:8081/admin.html" "Mozilla/5.0 (Macintosh; Intel Mac OS X 10_14_3) AppleWebKit/537.36 (KHTML, like Gecko) Chrome/74.0.3729.169 Safari/537.36"
::1 - - [31/May/2019:08:02:56 +0000] "GET /edit.html?id=29 HTTP/1.1" 200 3281 "http://localhost:8081/admin.html" "Mozilla/5.0 (Macintosh; Intel Mac OS X 10_14_3) AppleWebKit/537.36 (KHTML, like Gecko) Chrome/74.0.3729.169 Safari/537.36"
::1 - - [31/May/2019:08:02:56 +0000] "GET /api/blog/detail?id=29 HTTP/1.1" 200 619 "http://localhost:8081/edit.html?id=29" "Mozilla/5.0 (Macintosh; Intel Mac OS X 10_14_3) AppleWebKit/537.36 (KHTML, like Gecko) Chrome/74.0.3729.169 Safari/537.36"
::1 - - [31/May/2019:08:02:56 +0000] "GET /favicon.ico HTTP/1.1" 200 174 "http://localhost:8081/edit.html?id=29" "Mozilla/5.0 (Macintosh; Intel Mac OS X 10_14_3) AppleWebKit/537.36 (KHTML, like Gecko) Chrome/74.0.3729.169 Safari/537.36"
::1 - - [31/May/2019:08:02:58 +0000] "POST /api/blog/update?id=29 HTTP/1.1" 200 61 "http://localhost:8081/edit.html?id=29" "Mozilla/5.0 (Macintosh; Intel Mac OS X 10_14_3) AppleWebKit/537.36 (KHTML, like Gecko) Chrome/74.0.3729.169 Safari/537.36"
::1 - - [31/May/2019:08:02:59 +0000] "GET /admin.html HTTP/1.1" 200 4140 "http://localhost:8081/edit.html?id=29" "Mozilla/5.0 (Macintosh; Intel Mac OS X 10_14_3) AppleWebKit/537.36 (KHTML, like Gecko) Chrome/74.0.3729.169 Safari/537.36"
::1 - - [31/May/2019:08:02:59 +0000] "GET /api/blog/list?isadmin=1 HTTP/1.1" 200 2063 "http://localhost:8081/admin.html" "Mozilla/5.0 (Macintosh; Intel Mac OS X 10_14_3) AppleWebKit/537.36 (KHTML, like Gecko) Chrome/74.0.3729.169 Safari/537.36"
::1 - - [31/May/2019:08:02:59 +0000] "GET /favicon.ico HTTP/1.1" 200 174 "http://localhost:8081/admin.html" "Mozilla/5.0 (Macintosh; Intel Mac OS X 10_14_3) AppleWebKit/537.36 (KHTML, like Gecko) Chrome/74.0.3729.169 Safari/537.36"
::1 - - [31/May/2019:08:34:32 +0000] "GET /admin.html HTTP/1.1" 200 4140 "http://localhost:8081/edit.html?id=29" "Mozilla/5.0 (Macintosh; Intel Mac OS X 10_14_3) AppleWebKit/537.36 (KHTML, like Gecko) Chrome/74.0.3729.169 Safari/537.36"
::1 - - [31/May/2019:08:34:32 +0000] "GET /api/blog/list?isadmin=1 HTTP/1.1" 200 2063 "http://localhost:8081/admin.html" "Mozilla/5.0 (Macintosh; Intel Mac OS X 10_14_3) AppleWebKit/537.36 (KHTML, like Gecko) Chrome/74.0.3729.169 Safari/537.36"
::1 - - [31/May/2019:08:34:32 +0000] "GET /favicon.ico HTTP/1.1" 200 174 "http://localhost:8081/admin.html" "Mozilla/5.0 (Macintosh; Intel Mac OS X 10_14_3) AppleWebKit/537.36 (KHTML, like Gecko) Chrome/74.0.3729.169 Safari/537.36"
::1 - - [31/May/2019:08:51:55 +0000] "GET /admin.html HTTP/1.1" 200 4140 "http://localhost:8081/edit.html?id=29" "Mozilla/5.0 (Macintosh; Intel Mac OS X 10_14_3) AppleWebKit/537.36 (KHTML, like Gecko) Chrome/74.0.3729.169 Safari/537.36"
::1 - - [31/May/2019:08:51:55 +0000] "GET /api/blog/list?isadmin=1 HTTP/1.1" 200 2063 "http://localhost:8081/admin.html" "Mozilla/5.0 (Macintosh; Intel Mac OS X 10_14_3) AppleWebKit/537.36 (KHTML, like Gecko) Chrome/74.0.3729.169 Safari/537.36"
::1 - - [31/May/2019:08:51:55 +0000] "GET /favicon.ico HTTP/1.1" 200 174 "http://localhost:8081/admin.html" "Mozilla/5.0 (Macintosh; Intel Mac OS X 10_14_3) AppleWebKit/537.36 (KHTML, like Gecko) Chrome/74.0.3729.169 Safari/537.36"
::1 - - [15/Oct/2019:08:04:14 +0000] "GET / HTTP/1.1" 200 3517 "-" "Mozilla/5.0 (Macintosh; Intel Mac OS X 10_14_6) AppleWebKit/537.36 (KHTML, like Gecko) Chrome/77.0.3865.90 Safari/537.36"
::1 - - [15/Oct/2019:08:04:16 +0000] "GET /api/blog/list HTTP/1.1" 200 4100 "http://localhost:8081/" "Mozilla/5.0 (Macintosh; Intel Mac OS X 10_14_6) AppleWebKit/537.36 (KHTML, like Gecko) Chrome/77.0.3865.90 Safari/537.36"
::1 - - [15/Oct/2019:08:04:16 +0000] "GET /favicon.ico HTTP/1.1" 200 174 "http://localhost:8081/" "Mozilla/5.0 (Macintosh; Intel Mac OS X 10_14_6) AppleWebKit/537.36 (KHTML, like Gecko) Chrome/77.0.3865.90 Safari/537.36"
::1 - - [15/Oct/2019:08:04:20 +0000] "GET /detail.html?id=29 HTTP/1.1" 200 2828 "http://localhost:8081/" "Mozilla/5.0 (Macintosh; Intel Mac OS X 10_14_6) AppleWebKit/537.36 (KHTML, like Gecko) Chrome/77.0.3865.90 Safari/537.36"
::1 - - [15/Oct/2019:08:04:21 +0000] "GET /api/blog/detail?id=29 HTTP/1.1" 200 619 "http://localhost:8081/detail.html?id=29" "Mozilla/5.0 (Macintosh; Intel Mac OS X 10_14_6) AppleWebKit/537.36 (KHTML, like Gecko) Chrome/77.0.3865.90 Safari/537.36"
::1 - - [15/Oct/2019:08:04:21 +0000] "GET /favicon.ico HTTP/1.1" 200 174 "http://localhost:8081/detail.html?id=29" "Mozilla/5.0 (Macintosh; Intel Mac OS X 10_14_6) AppleWebKit/537.36 (KHTML, like Gecko) Chrome/77.0.3865.90 Safari/537.36"
::1 - - [15/Oct/2019:08:04:30 +0000] "GET /index.html?author=wangmeng HTTP/1.1" 200 3517 "http://localhost:8081/" "Mozilla/5.0 (Macintosh; Intel Mac OS X 10_14_6) AppleWebKit/537.36 (KHTML, like Gecko) Chrome/77.0.3865.90 Safari/537.36"
::1 - - [15/Oct/2019:08:04:31 +0000] "GET /api/blog/list?author=wangmeng HTTP/1.1" 200 2063 "http://localhost:8081/index.html?author=wangmeng" "Mozilla/5.0 (Macintosh; Intel Mac OS X 10_14_6) AppleWebKit/537.36 (KHTML, like Gecko) Chrome/77.0.3865.90 Safari/537.36"
::1 - - [15/Oct/2019:08:04:31 +0000] "GET /favicon.ico HTTP/1.1" 200 174 "http://localhost:8081/index.html?author=wangmeng" "Mozilla/5.0 (Macintosh; Intel Mac OS X 10_14_6) AppleWebKit/537.36 (KHTML, like Gecko) Chrome/77.0.3865.90 Safari/537.36"
::1 - - [15/Oct/2019:08:04:49 +0000] "GET /admin HTTP/1.1" 200 174 "-" "Mozilla/5.0 (Macintosh; Intel Mac OS X 10_14_6) AppleWebKit/537.36 (KHTML, like Gecko) Chrome/77.0.3865.90 Safari/537.36"
::1 - - [15/Oct/2019:08:04:50 +0000] "GET /favicon.ico HTTP/1.1" 200 174 "http://localhost:8081/admin" "Mozilla/5.0 (Macintosh; Intel Mac OS X 10_14_6) AppleWebKit/537.36 (KHTML, like Gecko) Chrome/77.0.3865.90 Safari/537.36"
::1 - - [15/Oct/2019:08:04:52 +0000] "GET /admin.html HTTP/1.1" 200 4140 "-" "Mozilla/5.0 (Macintosh; Intel Mac OS X 10_14_6) AppleWebKit/537.36 (KHTML, like Gecko) Chrome/77.0.3865.90 Safari/537.36"
::1 - - [15/Oct/2019:08:04:53 +0000] "GET /api/blog/list?isadmin=1 HTTP/1.1" 200 43 "http://localhost:8081/admin.html" "Mozilla/5.0 (Macintosh; Intel Mac OS X 10_14_6) AppleWebKit/537.36 (KHTML, like Gecko) Chrome/77.0.3865.90 Safari/537.36"
::1 - - [15/Oct/2019:08:04:55 +0000] "GET /favicon.ico HTTP/1.1" 200 174 "http://localhost:8081/admin.html" "Mozilla/5.0 (Macintosh; Intel Mac OS X 10_14_6) AppleWebKit/537.36 (KHTML, like Gecko) Chrome/77.0.3865.90 Safari/537.36"
::1 - - [15/Oct/2019:08:04:59 +0000] "GET /login HTTP/1.1" 200 174 "-" "Mozilla/5.0 (Macintosh; Intel Mac OS X 10_14_6) AppleWebKit/537.36 (KHTML, like Gecko) Chrome/77.0.3865.90 Safari/537.36"
::1 - - [15/Oct/2019:08:05:00 +0000] "GET /favicon.ico HTTP/1.1" 200 174 "http://localhost:8081/login" "Mozilla/5.0 (Macintosh; Intel Mac OS X 10_14_6) AppleWebKit/537.36 (KHTML, like Gecko) Chrome/77.0.3865.90 Safari/537.36"
::1 - - [15/Oct/2019:08:05:02 +0000] "GET /login.html HTTP/1.1" 200 2104 "-" "Mozilla/5.0 (Macintosh; Intel Mac OS X 10_14_6) AppleWebKit/537.36 (KHTML, like Gecko) Chrome/77.0.3865.90 Safari/537.36"
::1 - - [15/Oct/2019:08:05:03 +0000] "GET /favicon.ico HTTP/1.1" 200 174 "http://localhost:8081/login.html" "Mozilla/5.0 (Macintosh; Intel Mac OS X 10_14_6) AppleWebKit/537.36 (KHTML, like Gecko) Chrome/77.0.3865.90 Safari/537.36"
::1 - - [15/Oct/2019:08:05:05 +0000] "POST /api/user/login HTTP/1.1" 200 45 "http://localhost:8081/login.html" "Mozilla/5.0 (Macintosh; Intel Mac OS X 10_14_6) AppleWebKit/537.36 (KHTML, like Gecko) Chrome/77.0.3865.90 Safari/537.36"
::1 - - [15/Oct/2019:08:05:05 +0000] "GET /admin.html HTTP/1.1" 200 4140 "http://localhost:8081/login.html" "Mozilla/5.0 (Macintosh; Intel Mac OS X 10_14_6) AppleWebKit/537.36 (KHTML, like Gecko) Chrome/77.0.3865.90 Safari/537.36"
::1 - - [15/Oct/2019:08:05:05 +0000] "GET /api/blog/list?isadmin=1 HTTP/1.1" 200 2063 "http://localhost:8081/admin.html" "Mozilla/5.0 (Macintosh; Intel Mac OS X 10_14_6) AppleWebKit/537.36 (KHTML, like Gecko) Chrome/77.0.3865.90 Safari/537.36"
::1 - - [15/Oct/2019:08:05:06 +0000] "GET /favicon.ico HTTP/1.1" 200 174 "http://localhost:8081/admin.html" "Mozilla/5.0 (Macintosh; Intel Mac OS X 10_14_6) AppleWebKit/537.36 (KHTML, like Gecko) Chrome/77.0.3865.90 Safari/537.36"
::1 - - [15/Oct/2019:08:05:09 +0000] "GET /edit.html?id=29 HTTP/1.1" 200 3281 "http://localhost:8081/admin.html" "Mozilla/5.0 (Macintosh; Intel Mac OS X 10_14_6) AppleWebKit/537.36 (KHTML, like Gecko) Chrome/77.0.3865.90 Safari/537.36"
::1 - - [15/Oct/2019:08:05:09 +0000] "GET /api/blog/detail?id=29 HTTP/1.1" 200 619 "http://localhost:8081/edit.html?id=29" "Mozilla/5.0 (Macintosh; Intel Mac OS X 10_14_6) AppleWebKit/537.36 (KHTML, like Gecko) Chrome/77.0.3865.90 Safari/537.36"
::1 - - [15/Oct/2019:08:05:10 +0000] "GET /favicon.ico HTTP/1.1" 200 174 "http://localhost:8081/edit.html?id=29" "Mozilla/5.0 (Macintosh; Intel Mac OS X 10_14_6) AppleWebKit/537.36 (KHTML, like Gecko) Chrome/77.0.3865.90 Safari/537.36"
::1 - - [15/Oct/2019:08:05:11 +0000] "GET /admin.html HTTP/1.1" 200 4140 "http://localhost:8081/login.html" "Mozilla/5.0 (Macintosh; Intel Mac OS X 10_14_6) AppleWebKit/537.36 (KHTML, like Gecko) Chrome/77.0.3865.90 Safari/537.36"
::1 - - [15/Oct/2019:08:05:11 +0000] "GET /api/blog/list?isadmin=1 HTTP/1.1" 200 2063 "http://localhost:8081/admin.html" "Mozilla/5.0 (Macintosh; Intel Mac OS X 10_14_6) AppleWebKit/537.36 (KHTML, like Gecko) Chrome/77.0.3865.90 Safari/537.36"
::1 - - [15/Oct/2019:08:05:11 +0000] "GET /favicon.ico HTTP/1.1" 200 174 "http://localhost:8081/admin.html" "Mozilla/5.0 (Macintosh; Intel Mac OS X 10_14_6) AppleWebKit/537.36 (KHTML, like Gecko) Chrome/77.0.3865.90 Safari/537.36"
::1 - - [15/Oct/2019:08:05:13 +0000] "GET /edit.html?id=11 HTTP/1.1" 200 3281 "http://localhost:8081/admin.html" "Mozilla/5.0 (Macintosh; Intel Mac OS X 10_14_6) AppleWebKit/537.36 (KHTML, like Gecko) Chrome/77.0.3865.90 Safari/537.36"
::1 - - [15/Oct/2019:08:05:14 +0000] "GET /api/blog/detail?id=11 HTTP/1.1" 200 264 "http://localhost:8081/edit.html?id=11" "Mozilla/5.0 (Macintosh; Intel Mac OS X 10_14_6) AppleWebKit/537.36 (KHTML, like Gecko) Chrome/77.0.3865.90 Safari/537.36"
::1 - - [15/Oct/2019:08:05:14 +0000] "GET /favicon.ico HTTP/1.1" 200 174 "http://localhost:8081/edit.html?id=11" "Mozilla/5.0 (Macintosh; Intel Mac OS X 10_14_6) AppleWebKit/537.36 (KHTML, like Gecko) Chrome/77.0.3865.90 Safari/537.36"
::1 - - [15/Oct/2019:08:05:16 +0000] "GET /admin.html HTTP/1.1" 200 4140 "http://localhost:8081/edit.html?id=29" "Mozilla/5.0 (Macintosh; Intel Mac OS X 10_14_6) AppleWebKit/537.36 (KHTML, like Gecko) Chrome/77.0.3865.90 Safari/537.36"
::1 - - [15/Oct/2019:08:05:17 +0000] "GET /api/blog/list?isadmin=1 HTTP/1.1" 200 2063 "http://localhost:8081/admin.html" "Mozilla/5.0 (Macintosh; Intel Mac OS X 10_14_6) AppleWebKit/537.36 (KHTML, like Gecko) Chrome/77.0.3865.90 Safari/537.36"
::1 - - [15/Oct/2019:08:05:17 +0000] "GET /favicon.ico HTTP/1.1" 200 174 "http://localhost:8081/admin.html" "Mozilla/5.0 (Macintosh; Intel Mac OS X 10_14_6) AppleWebKit/537.36 (KHTML, like Gecko) Chrome/77.0.3865.90 Safari/537.36"
::1 - - [15/Oct/2019:08:05:20 +0000] "GET /new.html HTTP/1.1" 200 2961 "http://localhost:8081/admin.html" "Mozilla/5.0 (Macintosh; Intel Mac OS X 10_14_6) AppleWebKit/537.36 (KHTML, like Gecko) Chrome/77.0.3865.90 Safari/537.36"
::1 - - [15/Oct/2019:08:05:21 +0000] "GET /favicon.ico HTTP/1.1" 200 174 "http://localhost:8081/new.html" "Mozilla/5.0 (Macintosh; Intel Mac OS X 10_14_6) AppleWebKit/537.36 (KHTML, like Gecko) Chrome/77.0.3865.90 Safari/537.36"
::1 - - [15/Oct/2019:08:05:38 +0000] "POST /api/blog/new HTTP/1.1" 500 13 "http://localhost:8081/new.html" "Mozilla/5.0 (Macintosh; Intel Mac OS X 10_14_6) AppleWebKit/537.36 (KHTML, like Gecko) Chrome/77.0.3865.90 Safari/537.36"
::1 - - [15/Oct/2019:08:05:56 +0000] "GET /admin.html HTTP/1.1" 200 4140 "http://localhost:8081/edit.html?id=11" "Mozilla/5.0 (Macintosh; Intel Mac OS X 10_14_6) AppleWebKit/537.36 (KHTML, like Gecko) Chrome/77.0.3865.90 Safari/537.36"
::1 - - [15/Oct/2019:08:05:56 +0000] "GET /api/blog/list?isadmin=1 HTTP/1.1" 200 2063 "http://localhost:8081/admin.html" "Mozilla/5.0 (Macintosh; Intel Mac OS X 10_14_6) AppleWebKit/537.36 (KHTML, like Gecko) Chrome/77.0.3865.90 Safari/537.36"
::1 - - [15/Oct/2019:08:05:56 +0000] "GET /favicon.ico HTTP/1.1" 200 174 "http://localhost:8081/admin.html" "Mozilla/5.0 (Macintosh; Intel Mac OS X 10_14_6) AppleWebKit/537.36 (KHTML, like Gecko) Chrome/77.0.3865.90 Safari/537.36"
::1 - - [15/Oct/2019:08:05:59 +0000] "GET /detail.html?id=4 HTTP/1.1" 200 2828 "http://localhost:8081/admin.html" "Mozilla/5.0 (Macintosh; Intel Mac OS X 10_14_6) AppleWebKit/537.36 (KHTML, like Gecko) Chrome/77.0.3865.90 Safari/537.36"
::1 - - [15/Oct/2019:08:05:59 +0000] "GET /api/blog/detail?id=4 HTTP/1.1" 200 293 "http://localhost:8081/detail.html?id=4" "Mozilla/5.0 (Macintosh; Intel Mac OS X 10_14_6) AppleWebKit/537.36 (KHTML, like Gecko) Chrome/77.0.3865.90 Safari/537.36"
::1 - - [15/Oct/2019:08:05:59 +0000] "GET /favicon.ico HTTP/1.1" 200 174 "http://localhost:8081/detail.html?id=4" "Mozilla/5.0 (Macintosh; Intel Mac OS X 10_14_6) AppleWebKit/537.36 (KHTML, like Gecko) Chrome/77.0.3865.90 Safari/537.36"
::1 - - [15/Oct/2019:08:06:13 +0000] "GET /detail.html?id=1 HTTP/1.1" 200 2828 "http://localhost:8081/admin.html" "Mozilla/5.0 (Macintosh; Intel Mac OS X 10_14_6) AppleWebKit/537.36 (KHTML, like Gecko) Chrome/77.0.3865.90 Safari/537.36"
::1 - - [15/Oct/2019:08:06:14 +0000] "GET /api/blog/detail?id=1 HTTP/1.1" 200 247 "http://localhost:8081/detail.html?id=1" "Mozilla/5.0 (Macintosh; Intel Mac OS X 10_14_6) AppleWebKit/537.36 (KHTML, like Gecko) Chrome/77.0.3865.90 Safari/537.36"
::1 - - [15/Oct/2019:08:06:14 +0000] "GET /favicon.ico HTTP/1.1" 200 174 "http://localhost:8081/detail.html?id=1" "Mozilla/5.0 (Macintosh; Intel Mac OS X 10_14_6) AppleWebKit/537.36 (KHTML, like Gecko) Chrome/77.0.3865.90 Safari/537.36"
::1 - - [15/Oct/2019:08:06:27 +0000] "POST /api/blog/delete?id=1 HTTP/1.1" 200 61 "http://localhost:8081/admin.html" "Mozilla/5.0 (Macintosh; Intel Mac OS X 10_14_6) AppleWebKit/537.36 (KHTML, like Gecko) Chrome/77.0.3865.90 Safari/537.36"
::1 - - [15/Oct/2019:08:06:27 +0000] "GET /admin.html HTTP/1.1" 200 4140 "http://localhost:8081/admin.html" "Mozilla/5.0 (Macintosh; Intel Mac OS X 10_14_6) AppleWebKit/537.36 (KHTML, like Gecko) Chrome/77.0.3865.90 Safari/537.36"
::1 - - [15/Oct/2019:08:06:28 +0000] "GET /api/blog/list?isadmin=1 HTTP/1.1" 200 1845 "http://localhost:8081/admin.html" "Mozilla/5.0 (Macintosh; Intel Mac OS X 10_14_6) AppleWebKit/537.36 (KHTML, like Gecko) Chrome/77.0.3865.90 Safari/537.36"
::1 - - [15/Oct/2019:08:06:28 +0000] "GET /favicon.ico HTTP/1.1" 200 174 "http://localhost:8081/admin.html" "Mozilla/5.0 (Macintosh; Intel Mac OS X 10_14_6) AppleWebKit/537.36 (KHTML, like Gecko) Chrome/77.0.3865.90 Safari/537.36"
::1 - - [15/Oct/2019:08:06:31 +0000] "POST /api/blog/delete?id=2 HTTP/1.1" 200 61 "http://localhost:8081/admin.html" "Mozilla/5.0 (Macintosh; Intel Mac OS X 10_14_6) AppleWebKit/537.36 (KHTML, like Gecko) Chrome/77.0.3865.90 Safari/537.36"
::1 - - [15/Oct/2019:08:06:31 +0000] "GET /admin.html HTTP/1.1" 200 4140 "http://localhost:8081/admin.html" "Mozilla/5.0 (Macintosh; Intel Mac OS X 10_14_6) AppleWebKit/537.36 (KHTML, like Gecko) Chrome/77.0.3865.90 Safari/537.36"
::1 - - [15/Oct/2019:08:06:31 +0000] "GET /api/blog/list?isadmin=1 HTTP/1.1" 200 1627 "http://localhost:8081/admin.html" "Mozilla/5.0 (Macintosh; Intel Mac OS X 10_14_6) AppleWebKit/537.36 (KHTML, like Gecko) Chrome/77.0.3865.90 Safari/537.36"
::1 - - [15/Oct/2019:08:06:31 +0000] "GET /favicon.ico HTTP/1.1" 200 174 "http://localhost:8081/admin.html" "Mozilla/5.0 (Macintosh; Intel Mac OS X 10_14_6) AppleWebKit/537.36 (KHTML, like Gecko) Chrome/77.0.3865.90 Safari/537.36"
::1 - - [15/Oct/2019:08:06:34 +0000] "POST /api/blog/delete?id=3 HTTP/1.1" 200 61 "http://localhost:8081/admin.html" "Mozilla/5.0 (Macintosh; Intel Mac OS X 10_14_6) AppleWebKit/537.36 (KHTML, like Gecko) Chrome/77.0.3865.90 Safari/537.36"
::1 - - [15/Oct/2019:08:06:34 +0000] "GET /admin.html HTTP/1.1" 200 4140 "http://localhost:8081/admin.html" "Mozilla/5.0 (Macintosh; Intel Mac OS X 10_14_6) AppleWebKit/537.36 (KHTML, like Gecko) Chrome/77.0.3865.90 Safari/537.36"
::1 - - [15/Oct/2019:08:06:34 +0000] "GET /api/blog/list?isadmin=1 HTTP/1.1" 200 1409 "http://localhost:8081/admin.html" "Mozilla/5.0 (Macintosh; Intel Mac OS X 10_14_6) AppleWebKit/537.36 (KHTML, like Gecko) Chrome/77.0.3865.90 Safari/537.36"
::1 - - [15/Oct/2019:08:06:35 +0000] "GET /favicon.ico HTTP/1.1" 200 174 "http://localhost:8081/admin.html" "Mozilla/5.0 (Macintosh; Intel Mac OS X 10_14_6) AppleWebKit/537.36 (KHTML, like Gecko) Chrome/77.0.3865.90 Safari/537.36"
::1 - - [15/Oct/2019:08:06:37 +0000] "GET /edit.html?id=11 HTTP/1.1" 200 3281 "http://localhost:8081/admin.html" "Mozilla/5.0 (Macintosh; Intel Mac OS X 10_14_6) AppleWebKit/537.36 (KHTML, like Gecko) Chrome/77.0.3865.90 Safari/537.36"
::1 - - [15/Oct/2019:08:06:38 +0000] "GET /api/blog/detail?id=11 HTTP/1.1" 200 264 "http://localhost:8081/edit.html?id=11" "Mozilla/5.0 (Macintosh; Intel Mac OS X 10_14_6) AppleWebKit/537.36 (KHTML, like Gecko) Chrome/77.0.3865.90 Safari/537.36"
::1 - - [15/Oct/2019:08:06:38 +0000] "GET /favicon.ico HTTP/1.1" 200 174 "http://localhost:8081/edit.html?id=11" "Mozilla/5.0 (Macintosh; Intel Mac OS X 10_14_6) AppleWebKit/537.36 (KHTML, like Gecko) Chrome/77.0.3865.90 Safari/537.36"
::1 - - [15/Oct/2019:08:06:39 +0000] "GET /admin.html HTTP/1.1" 200 4140 "http://localhost:8081/admin.html" "Mozilla/5.0 (Macintosh; Intel Mac OS X 10_14_6) AppleWebKit/537.36 (KHTML, like Gecko) Chrome/77.0.3865.90 Safari/537.36"
::1 - - [15/Oct/2019:08:06:40 +0000] "GET /api/blog/list?isadmin=1 HTTP/1.1" 200 1409 "http://localhost:8081/admin.html" "Mozilla/5.0 (Macintosh; Intel Mac OS X 10_14_6) AppleWebKit/537.36 (KHTML, like Gecko) Chrome/77.0.3865.90 Safari/537.36"
::1 - - [15/Oct/2019:08:06:40 +0000] "GET /favicon.ico HTTP/1.1" 200 174 "http://localhost:8081/admin.html" "Mozilla/5.0 (Macintosh; Intel Mac OS X 10_14_6) AppleWebKit/537.36 (KHTML, like Gecko) Chrome/77.0.3865.90 Safari/537.36"
::1 - - [15/Oct/2019:08:06:42 +0000] "GET /edit.html?id=8 HTTP/1.1" 200 3281 "http://localhost:8081/admin.html" "Mozilla/5.0 (Macintosh; Intel Mac OS X 10_14_6) AppleWebKit/537.36 (KHTML, like Gecko) Chrome/77.0.3865.90 Safari/537.36"
::1 - - [15/Oct/2019:08:06:42 +0000] "GET /api/blog/detail?id=8 HTTP/1.1" 200 294 "http://localhost:8081/edit.html?id=8" "Mozilla/5.0 (Macintosh; Intel Mac OS X 10_14_6) AppleWebKit/537.36 (KHTML, like Gecko) Chrome/77.0.3865.90 Safari/537.36"
::1 - - [15/Oct/2019:08:06:42 +0000] "GET /favicon.ico HTTP/1.1" 200 174 "http://localhost:8081/edit.html?id=8" "Mozilla/5.0 (Macintosh; Intel Mac OS X 10_14_6) AppleWebKit/537.36 (KHTML, like Gecko) Chrome/77.0.3865.90 Safari/537.36"
::1 - - [15/Oct/2019:08:06:44 +0000] "GET /admin.html HTTP/1.1" 200 4140 "http://localhost:8081/edit.html?id=11" "Mozilla/5.0 (Macintosh; Intel Mac OS X 10_14_6) AppleWebKit/537.36 (KHTML, like Gecko) Chrome/77.0.3865.90 Safari/537.36"
::1 - - [15/Oct/2019:08:06:44 +0000] "GET /api/blog/list?isadmin=1 HTTP/1.1" 200 1409 "http://localhost:8081/admin.html" "Mozilla/5.0 (Macintosh; Intel Mac OS X 10_14_6) AppleWebKit/537.36 (KHTML, like Gecko) Chrome/77.0.3865.90 Safari/537.36"
::1 - - [15/Oct/2019:08:06:45 +0000] "GET /favicon.ico HTTP/1.1" 200 174 "http://localhost:8081/admin.html" "Mozilla/5.0 (Macintosh; Intel Mac OS X 10_14_6) AppleWebKit/537.36 (KHTML, like Gecko) Chrome/77.0.3865.90 Safari/537.36"
::1 - - [15/Oct/2019:08:06:45 +0000] "GET /new.html HTTP/1.1" 200 2961 "http://localhost:8081/admin.html" "Mozilla/5.0 (Macintosh; Intel Mac OS X 10_14_6) AppleWebKit/537.36 (KHTML, like Gecko) Chrome/77.0.3865.90 Safari/537.36"
::1 - - [15/Oct/2019:08:06:46 +0000] "GET /favicon.ico HTTP/1.1" 200 174 "http://localhost:8081/new.html" "Mozilla/5.0 (Macintosh; Intel Mac OS X 10_14_6) AppleWebKit/537.36 (KHTML, like Gecko) Chrome/77.0.3865.90 Safari/537.36"
::1 - - [15/Oct/2019:08:07:09 +0000] "POST /api/blog/new HTTP/1.1" 500 13 "http://localhost:8081/new.html" "Mozilla/5.0 (Macintosh; Intel Mac OS X 10_14_6) AppleWebKit/537.36 (KHTML, like Gecko) Chrome/77.0.3865.90 Safari/537.36"
::1 - - [15/Oct/2019:08:08:19 +0000] "POST /api/blog/new HTTP/1.1" 500 13 "http://localhost:8081/new.html" "Mozilla/5.0 (Macintosh; Intel Mac OS X 10_14_6) AppleWebKit/537.36 (KHTML, like Gecko) Chrome/77.0.3865.90 Safari/537.36"
::1 - - [15/Oct/2019:08:08:25 +0000] "POST /api/blog/new HTTP/1.1" 500 13 "http://localhost:8081/new.html" "Mozilla/5.0 (Macintosh; Intel Mac OS X 10_14_6) AppleWebKit/537.36 (KHTML, like Gecko) Chrome/77.0.3865.90 Safari/537.36"
::1 - - [15/Oct/2019:08:08:27 +0000] "GET /new.html HTTP/1.1" 200 2961 "http://localhost:8081/admin.html" "Mozilla/5.0 (Macintosh; Intel Mac OS X 10_14_6) AppleWebKit/537.36 (KHTML, like Gecko) Chrome/77.0.3865.90 Safari/537.36"
::1 - - [15/Oct/2019:08:08:27 +0000] "GET /favicon.ico HTTP/1.1" 200 174 "http://localhost:8081/new.html" "Mozilla/5.0 (Macintosh; Intel Mac OS X 10_14_6) AppleWebKit/537.36 (KHTML, like Gecko) Chrome/77.0.3865.90 Safari/537.36"
::1 - - [15/Oct/2019:08:08:39 +0000] "POST /api/blog/new HTTP/1.1" 500 13 "http://localhost:8081/new.html" "Mozilla/5.0 (Macintosh; Intel Mac OS X 10_14_6) AppleWebKit/537.36 (KHTML, like Gecko) Chrome/77.0.3865.90 Safari/537.36"
::1 - - [15/Oct/2019:08:29:10 +0000] "GET / HTTP/1.1" 200 3536 "-" "Mozilla/5.0 (Macintosh; Intel Mac OS X 10_14_6) AppleWebKit/537.36 (KHTML, like Gecko) Chrome/77.0.3865.90 Safari/537.36"
::1 - - [15/Oct/2019:08:29:10 +0000] "GET /api/blog/list HTTP/1.1" 200 3174 "http://localhost/" "Mozilla/5.0 (Macintosh; Intel Mac OS X 10_14_6) AppleWebKit/537.36 (KHTML, like Gecko) Chrome/77.0.3865.90 Safari/537.36"
::ffff:10.252.177.247 - - [15/Oct/2019:08:29:31 +0000] "GET / HTTP/1.1" 200 3536 "-" "Mozilla/5.0 (Macintosh; Intel Mac OS X 10_14_6) AppleWebKit/537.36 (KHTML, like Gecko) Chrome/77.0.3865.90 Safari/537.36"
::ffff:10.252.177.247 - - [15/Oct/2019:08:29:31 +0000] "GET /api/blog/list HTTP/1.1" 200 3174 "http://10.252.177.247/" "Mozilla/5.0 (Macintosh; Intel Mac OS X 10_14_6) AppleWebKit/537.36 (KHTML, like Gecko) Chrome/77.0.3865.90 Safari/537.36"
::ffff:10.252.177.247 - - [15/Oct/2019:08:29:31 +0000] "GET /favicon.ico HTTP/1.1" 200 174 "http://10.252.177.247/" "Mozilla/5.0 (Macintosh; Intel Mac OS X 10_14_6) AppleWebKit/537.36 (KHTML, like Gecko) Chrome/77.0.3865.90 Safari/537.36"
::ffff:10.252.177.247 - - [15/Oct/2019:08:31:29 +0000] "GET /index.html?keywords=lv HTTP/1.1" 200 3536 "http://10.252.177.247/" "Mozilla/5.0 (Macintosh; Intel Mac OS X 10_14_6) AppleWebKit/537.36 (KHTML, like Gecko) Chrome/77.0.3865.90 Safari/537.36"
::ffff:10.252.177.247 - - [15/Oct/2019:08:31:29 +0000] "GET /api/blog/list?keywords=lv HTTP/1.1" 200 373 "http://10.252.177.247/index.html?keywords=lv" "Mozilla/5.0 (Macintosh; Intel Mac OS X 10_14_6) AppleWebKit/537.36 (KHTML, like Gecko) Chrome/77.0.3865.90 Safari/537.36"
::ffff:10.252.177.247 - - [15/Oct/2019:08:31:29 +0000] "GET /favicon.ico HTTP/1.1" 200 174 "http://10.252.177.247/index.html?keywords=lv" "Mozilla/5.0 (Macintosh; Intel Mac OS X 10_14_6) AppleWebKit/537.36 (KHTML, like Gecko) Chrome/77.0.3865.90 Safari/537.36"
::ffff:10.252.177.247 - - [15/Oct/2019:10:40:59 +0000] "GET / HTTP/1.1" 200 3536 "-" "Mozilla/5.0 (Macintosh; Intel Mac OS X 10_14_6) AppleWebKit/537.36 (KHTML, like Gecko) Chrome/77.0.3865.90 Safari/537.36"
::ffff:10.252.177.247 - - [15/Oct/2019:10:40:59 +0000] "GET /api/blog/list HTTP/1.1" 200 3174 "http://10.252.177.247/" "Mozilla/5.0 (Macintosh; Intel Mac OS X 10_14_6) AppleWebKit/537.36 (KHTML, like Gecko) Chrome/77.0.3865.90 Safari/537.36"
::ffff:10.252.177.247 - - [15/Oct/2019:10:40:59 +0000] "GET /favicon.ico HTTP/1.1" 200 174 "http://10.252.177.247/" "Mozilla/5.0 (Macintosh; Intel Mac OS X 10_14_6) AppleWebKit/537.36 (KHTML, like Gecko) Chrome/77.0.3865.90 Safari/537.36"
::ffff:10.252.177.247 - - [15/Oct/2019:10:46:22 +0000] "GET / HTTP/1.1" 200 3536 "-" "Mozilla/5.0 (Macintosh; Intel Mac OS X 10_14_6) AppleWebKit/537.36 (KHTML, like Gecko) Chrome/77.0.3865.90 Safari/537.36"
::ffff:10.252.177.247 - - [15/Oct/2019:10:46:22 +0000] "GET /api/blog/list HTTP/1.1" 200 3174 "http://10.252.177.247/" "Mozilla/5.0 (Macintosh; Intel Mac OS X 10_14_6) AppleWebKit/537.36 (KHTML, like Gecko) Chrome/77.0.3865.90 Safari/537.36"
::ffff:10.252.177.247 - - [15/Oct/2019:10:46:22 +0000] "GET /favicon.ico HTTP/1.1" 200 174 "http://10.252.177.247/" "Mozilla/5.0 (Macintosh; Intel Mac OS X 10_14_6) AppleWebKit/537.36 (KHTML, like Gecko) Chrome/77.0.3865.90 Safari/537.36"
::ffff:10.252.177.247 - - [15/Oct/2019:10:47:54 +0000] "GET / HTTP/1.1" 200 3536 "-" "Mozilla/5.0 (Macintosh; Intel Mac OS X 10_14_6) AppleWebKit/537.36 (KHTML, like Gecko) Chrome/77.0.3865.90 Safari/537.36"
::ffff:10.252.177.247 - - [15/Oct/2019:10:47:54 +0000] "GET /api/blog/list HTTP/1.1" 200 3174 "http://10.252.177.247/" "Mozilla/5.0 (Macintosh; Intel Mac OS X 10_14_6) AppleWebKit/537.36 (KHTML, like Gecko) Chrome/77.0.3865.90 Safari/537.36"
::ffff:10.252.177.247 - - [15/Oct/2019:10:47:54 +0000] "GET /favicon.ico HTTP/1.1" 200 174 "http://10.252.177.247/" "Mozilla/5.0 (Macintosh; Intel Mac OS X 10_14_6) AppleWebKit/537.36 (KHTML, like Gecko) Chrome/77.0.3865.90 Safari/537.36"
::ffff:10.252.177.247 - - [15/Oct/2019:10:47:55 +0000] "GET / HTTP/1.1" 200 3536 "-" "Mozilla/5.0 (Macintosh; Intel Mac OS X 10_14_6) AppleWebKit/537.36 (KHTML, like Gecko) Chrome/77.0.3865.90 Safari/537.36"
::ffff:10.252.177.247 - - [15/Oct/2019:10:47:56 +0000] "GET /api/blog/list HTTP/1.1" 200 3174 "http://10.252.177.247/" "Mozilla/5.0 (Macintosh; Intel Mac OS X 10_14_6) AppleWebKit/537.36 (KHTML, like Gecko) Chrome/77.0.3865.90 Safari/537.36"
::ffff:10.252.177.247 - - [15/Oct/2019:10:47:56 +0000] "GET /favicon.ico HTTP/1.1" 200 174 "http://10.252.177.247/" "Mozilla/5.0 (Macintosh; Intel Mac OS X 10_14_6) AppleWebKit/537.36 (KHTML, like Gecko) Chrome/77.0.3865.90 Safari/537.36"
::1 - - [30/Oct/2019:03:22:29 +0000] "POST /api/user/register HTTP/1.1" 200 52 "http://localhost:8081/login.html" "Mozilla/5.0 (Macintosh; Intel Mac OS X 10_14_6) AppleWebKit/537.36 (KHTML, like Gecko) Chrome/78.0.3904.70 Safari/537.36"
::1 - - [30/Oct/2019:03:32:32 +0000] "GET /login.html HTTP/1.1" 200 2104 "-" "Mozilla/5.0 (Macintosh; Intel Mac OS X 10_14_6) AppleWebKit/537.36 (KHTML, like Gecko) Chrome/78.0.3904.70 Safari/537.36"
::1 - - [30/Oct/2019:03:34:20 +0000] "POST /api/user/register HTTP/1.1" 200 52 "http://localhost:8081/login.html" "Mozilla/5.0 (Macintosh; Intel Mac OS X 10_14_6) AppleWebKit/537.36 (KHTML, like Gecko) Chrome/78.0.3904.70 Safari/537.36"
::1 - - [30/Oct/2019:03:35:17 +0000] "POST /api/user/register HTTP/1.1" 200 52 "http://localhost:8081/login.html" "Mozilla/5.0 (Macintosh; Intel Mac OS X 10_14_6) AppleWebKit/537.36 (KHTML, like Gecko) Chrome/78.0.3904.70 Safari/537.36"
::1 - - [30/Oct/2019:03:35:38 +0000] "POST /api/user/register HTTP/1.1" 200 52 "http://localhost:8081/login.html" "Mozilla/5.0 (Macintosh; Intel Mac OS X 10_14_6) AppleWebKit/537.36 (KHTML, like Gecko) Chrome/78.0.3904.70 Safari/537.36"
::1 - - [30/Oct/2019:11:51:47 +0000] "GET / HTTP/1.1" 200 3536 "-" "Mozilla/5.0 (Macintosh; Intel Mac OS X 10_14_6) AppleWebKit/537.36 (KHTML, like Gecko) Chrome/78.0.3904.70 Safari/537.36"
::1 - - [30/Oct/2019:11:51:48 +0000] "GET /api/blog/list HTTP/1.1" 200 3430 "http://localhost:8081/" "Mozilla/5.0 (Macintosh; Intel Mac OS X 10_14_6) AppleWebKit/537.36 (KHTML, like Gecko) Chrome/78.0.3904.70 Safari/537.36"
::1 - - [30/Oct/2019:11:51:48 +0000] "GET /favicon.ico HTTP/1.1" 200 174 "http://localhost:8081/" "Mozilla/5.0 (Macintosh; Intel Mac OS X 10_14_6) AppleWebKit/537.36 (KHTML, like Gecko) Chrome/78.0.3904.70 Safari/537.36"
::1 - - [30/Oct/2019:11:53:49 +0000] "GET / HTTP/1.1" 200 3536 "-" "Mozilla/5.0 (Macintosh; Intel Mac OS X 10_14_6) AppleWebKit/537.36 (KHTML, like Gecko) Chrome/78.0.3904.70 Safari/537.36"
::1 - - [30/Oct/2019:11:53:49 +0000] "GET /api/blog/list HTTP/1.1" 200 3430 "http://localhost:8081/" "Mozilla/5.0 (Macintosh; Intel Mac OS X 10_14_6) AppleWebKit/537.36 (KHTML, like Gecko) Chrome/78.0.3904.70 Safari/537.36"
::1 - - [30/Oct/2019:11:53:49 +0000] "GET /favicon.ico HTTP/1.1" 200 174 "http://localhost:8081/" "Mozilla/5.0 (Macintosh; Intel Mac OS X 10_14_6) AppleWebKit/537.36 (KHTML, like Gecko) Chrome/78.0.3904.70 Safari/537.36"
::1 - - [30/Oct/2019:11:53:57 +0000] "GET / HTTP/1.1" 200 3536 "-" "Mozilla/5.0 (Macintosh; Intel Mac OS X 10_14_6) AppleWebKit/537.36 (KHTML, like Gecko) Chrome/78.0.3904.70 Safari/537.36"
::1 - - [30/Oct/2019:11:53:57 +0000] "GET /api/blog/list HTTP/1.1" 200 3430 "http://localhost:8081/" "Mozilla/5.0 (Macintosh; Intel Mac OS X 10_14_6) AppleWebKit/537.36 (KHTML, like Gecko) Chrome/78.0.3904.70 Safari/537.36"
::1 - - [30/Oct/2019:11:53:57 +0000] "GET /favicon.ico HTTP/1.1" 200 174 "http://localhost:8081/" "Mozilla/5.0 (Macintosh; Intel Mac OS X 10_14_6) AppleWebKit/537.36 (KHTML, like Gecko) Chrome/78.0.3904.70 Safari/537.36"
::1 - - [30/Oct/2019:11:54:20 +0000] "GET / HTTP/1.1" 200 3536 "-" "Mozilla/5.0 (Macintosh; Intel Mac OS X 10_14_6) AppleWebKit/537.36 (KHTML, like Gecko) Chrome/78.0.3904.70 Safari/537.36"
::1 - - [30/Oct/2019:11:56:08 +0000] "GET /api/blog/list HTTP/1.1" 200 3430 "http://localhost:8081/" "Mozilla/5.0 (Macintosh; Intel Mac OS X 10_14_6) AppleWebKit/537.36 (KHTML, like Gecko) Chrome/78.0.3904.70 Safari/537.36"
::1 - - [30/Oct/2019:11:56:08 +0000] "GET /favicon.ico HTTP/1.1" 200 174 "http://localhost:8081/" "Mozilla/5.0 (Macintosh; Intel Mac OS X 10_14_6) AppleWebKit/537.36 (KHTML, like Gecko) Chrome/78.0.3904.70 Safari/537.36"
::1 - - [30/Oct/2019:11:56:36 +0000] "GET / HTTP/1.1" 200 3536 "-" "Mozilla/5.0 (Macintosh; Intel Mac OS X 10_14_6) AppleWebKit/537.36 (KHTML, like Gecko) Chrome/78.0.3904.70 Safari/537.36"
::1 - - [30/Oct/2019:12:00:02 +0000] "GET /api/blog/list HTTP/1.1" - - "http://localhost:8081/" "Mozilla/5.0 (Macintosh; Intel Mac OS X 10_14_6) AppleWebKit/537.36 (KHTML, like Gecko) Chrome/78.0.3904.70 Safari/537.36"
::1 - - [31/Oct/2019:01:59:48 +0000] "GET / HTTP/1.1" 200 3536 "-" "Mozilla/5.0 (Macintosh; Intel Mac OS X 10_14_6) AppleWebKit/537.36 (KHTML, like Gecko) Chrome/78.0.3904.70 Safari/537.36"
::1 - - [31/Oct/2019:01:59:48 +0000] "GET /api/blog/list HTTP/1.1" 200 3430 "http://localhost:8081/" "Mozilla/5.0 (Macintosh; Intel Mac OS X 10_14_6) AppleWebKit/537.36 (KHTML, like Gecko) Chrome/78.0.3904.70 Safari/537.36"
::1 - - [31/Oct/2019:01:59:48 +0000] "GET /favicon.ico HTTP/1.1" 200 174 "http://localhost:8081/" "Mozilla/5.0 (Macintosh; Intel Mac OS X 10_14_6) AppleWebKit/537.36 (KHTML, like Gecko) Chrome/78.0.3904.70 Safari/537.36"
::1 - - [31/Oct/2019:02:32:21 +0000] "GET / HTTP/1.1" 200 3536 "-" "Mozilla/5.0 (Macintosh; Intel Mac OS X 10_14_6) AppleWebKit/537.36 (KHTML, like Gecko) Chrome/78.0.3904.70 Safari/537.36"
::1 - - [31/Oct/2019:02:32:22 +0000] "GET /api/blog/list HTTP/1.1" 200 3430 "http://localhost:8081/" "Mozilla/5.0 (Macintosh; Intel Mac OS X 10_14_6) AppleWebKit/537.36 (KHTML, like Gecko) Chrome/78.0.3904.70 Safari/537.36"
::1 - - [31/Oct/2019:02:32:22 +0000] "GET /favicon.ico HTTP/1.1" 200 174 "http://localhost:8081/" "Mozilla/5.0 (Macintosh; Intel Mac OS X 10_14_6) AppleWebKit/537.36 (KHTML, like Gecko) Chrome/78.0.3904.70 Safari/537.36"
::1 - - [31/Oct/2019:02:33:27 +0000] "GET /index.html HTTP/1.1" 200 3536 "-" "Mozilla/5.0 (Macintosh; Intel Mac OS X 10_14_6) AppleWebKit/537.36 (KHTML, like Gecko) Chrome/78.0.3904.70 Safari/537.36"
::1 - - [31/Oct/2019:02:33:28 +0000] "GET /images HTTP/1.1" 200 174 "-" "Mozilla/5.0 (Macintosh; Intel Mac OS X 10_14_6) AppleWebKit/537.36 (KHTML, like Gecko) Chrome/78.0.3904.70 Safari/537.36"
::1 - - [31/Oct/2019:02:33:29 +0000] "GET /favicon.ico HTTP/1.1" 200 174 "http://localhost:8081/images" "Mozilla/5.0 (Macintosh; Intel Mac OS X 10_14_6) AppleWebKit/537.36 (KHTML, like Gecko) Chrome/78.0.3904.70 Safari/537.36"
::1 - - [31/Oct/2019:02:33:45 +0000] "GET /upload/ HTTP/1.1" 200 174 "-" "Mozilla/5.0 (Macintosh; Intel Mac OS X 10_14_6) AppleWebKit/537.36 (KHTML, like Gecko) Chrome/78.0.3904.70 Safari/537.36"
::1 - - [31/Oct/2019:02:33:45 +0000] "GET /favicon.ico HTTP/1.1" 200 174 "http://localhost:8081/upload/" "Mozilla/5.0 (Macintosh; Intel Mac OS X 10_14_6) AppleWebKit/537.36 (KHTML, like Gecko) Chrome/78.0.3904.70 Safari/537.36"
::1 - - [31/Oct/2019:02:33:58 +0000] "GET /favicon.ico HTTP/1.1" 200 174 "http://localhost:8081/upload/upload_0a7efcd0e7ad949a62f6010e2e47b88b.png" "Mozilla/5.0 (Macintosh; Intel Mac OS X 10_14_6) AppleWebKit/537.36 (KHTML, like Gecko) Chrome/78.0.3904.70 Safari/537.36"
::1 - - [31/Oct/2019:02:36:41 +0000] "GET /login.html HTTP/1.1" 200 2104 "-" "Mozilla/5.0 (Macintosh; Intel Mac OS X 10_14_6) AppleWebKit/537.36 (KHTML, like Gecko) Chrome/78.0.3904.70 Safari/537.36"
::1 - - [31/Oct/2019:02:36:41 +0000] "GET /favicon.ico HTTP/1.1" 200 174 "http://localhost:8081/login.html" "Mozilla/5.0 (Macintosh; Intel Mac OS X 10_14_6) AppleWebKit/537.36 (KHTML, like Gecko) Chrome/78.0.3904.70 Safari/537.36"
::1 - - [31/Oct/2019:02:36:45 +0000] "GET /admin.html HTTP/1.1" 200 4140 "-" "Mozilla/5.0 (Macintosh; Intel Mac OS X 10_14_6) AppleWebKit/537.36 (KHTML, like Gecko) Chrome/78.0.3904.70 Safari/537.36"
::1 - - [31/Oct/2019:02:36:45 +0000] "GET /api/blog/list?isadmin=1 HTTP/1.1" 200 1393 "http://localhost:8081/admin.html" "Mozilla/5.0 (Macintosh; Intel Mac OS X 10_14_6) AppleWebKit/537.36 (KHTML, like Gecko) Chrome/78.0.3904.70 Safari/537.36"
::1 - - [31/Oct/2019:02:36:45 +0000] "GET /favicon.ico HTTP/1.1" 200 174 "http://localhost:8081/admin.html" "Mozilla/5.0 (Macintosh; Intel Mac OS X 10_14_6) AppleWebKit/537.36 (KHTML, like Gecko) Chrome/78.0.3904.70 Safari/537.36"
::1 - - [31/Oct/2019:02:37:04 +0000] "GET /admin.html HTTP/1.1" 200 4140 "-" "Mozilla/5.0 (Macintosh; Intel Mac OS X 10_14_6) AppleWebKit/537.36 (KHTML, like Gecko) Chrome/78.0.3904.70 Safari/537.36"
::1 - - [31/Oct/2019:02:37:04 +0000] "GET /api/blog/list?isadmin=1 HTTP/1.1" 200 1393 "http://localhost:8081/admin.html" "Mozilla/5.0 (Macintosh; Intel Mac OS X 10_14_6) AppleWebKit/537.36 (KHTML, like Gecko) Chrome/78.0.3904.70 Safari/537.36"
::1 - - [31/Oct/2019:02:37:04 +0000] "GET /favicon.ico HTTP/1.1" 200 174 "http://localhost:8081/admin.html" "Mozilla/5.0 (Macintosh; Intel Mac OS X 10_14_6) AppleWebKit/537.36 (KHTML, like Gecko) Chrome/78.0.3904.70 Safari/537.36"
::1 - - [31/Oct/2019:02:37:30 +0000] "GET /admin.html HTTP/1.1" 200 4140 "-" "Mozilla/5.0 (Macintosh; Intel Mac OS X 10.14; rv:70.0) Gecko/20100101 Firefox/70.0"
::1 - - [31/Oct/2019:02:37:31 +0000] "GET /api/blog/list?isadmin=1 HTTP/1.1" 200 43 "http://localhost:8081/admin.html" "Mozilla/5.0 (Macintosh; Intel Mac OS X 10.14; rv:70.0) Gecko/20100101 Firefox/70.0"
::1 - - [31/Oct/2019:02:37:31 +0000] "GET /favicon.ico HTTP/1.1" 200 174 "-" "Mozilla/5.0 (Macintosh; Intel Mac OS X 10.14; rv:70.0) Gecko/20100101 Firefox/70.0"
