2019-05-21 17:56 +08:00: 生产环境配置日志记录
2019-05-21 17:56 +08:00: listen on 3000
2019-05-21 17:57 +08:00:   <-- GET /
2019-05-21 17:57 +08:00:   xxx GET / 500 20s -
2019-10-15 15:51 +08:00: 生产环境配置日志记录
2019-10-15 15:51 +08:00: listen on 80
2019-10-15 16:05 +08:00: 生产环境配置日志记录
2019-10-15 16:05 +08:00: listen on 80
2019-10-15 16:07 +08:00: 生产环境配置日志记录
2019-10-15 16:07 +08:00: listen on 80
2019-10-15 16:08 +08:00: 生产环境配置日志记录
2019-10-15 16:08 +08:00: listen on 80
2019-10-15 16:08 +08:00: 生产环境配置日志记录
2019-10-15 16:08 +08:00: listen on 80
2019-10-15 16:08 +08:00: 生产环境配置日志记录
2019-10-15 16:08 +08:00: listen on 80
2019-10-15 16:09 +08:00: 生产环境配置日志记录
2019-10-15 16:09 +08:00: listen on 80
2019-10-15 16:11 +08:00: 生产环境配置日志记录
2019-10-15 16:11 +08:00: listen on 80
2019-10-15 16:11 +08:00: 生产环境配置日志记录
2019-10-15 16:11 +08:00: listen on 80
2019-10-15 16:12 +08:00: 生产环境配置日志记录
2019-10-15 16:12 +08:00: listen on 80
2019-10-15 16:12 +08:00: 生产环境配置日志记录
2019-10-15 16:12 +08:00: listen on 80
2019-10-15 16:13 +08:00: 生产环境配置日志记录
2019-10-15 16:13 +08:00: listen on 80
2019-10-15 16:13 +08:00: 生产环境配置日志记录
2019-10-15 16:13 +08:00: listen on 80
2019-10-15 16:16 +08:00: 生产环境配置日志记录
2019-10-15 16:16 +08:00: listen on 80
2019-10-15 16:16 +08:00: 生产环境配置日志记录
2019-10-15 16:16 +08:00: listen on 80
2019-10-15 16:17 +08:00: 生产环境配置日志记录
2019-10-15 16:17 +08:00: listen on 80
2019-10-15 16:28 +08:00: 生产环境配置日志记录
2019-10-15 16:28 +08:00: listen on 80
2019-10-15 16:29 +08:00:   <-- GET /
2019-10-15 16:29 +08:00: index
2019-10-15 16:29 +08:00: GET / - 20ms
2019-10-15 16:29 +08:00:   --> GET / 200 34ms 3.45kb
2019-10-15 16:29 +08:00:   <-- GET /api/blog/list
2019-10-15 16:29 +08:00: GET /api/blog/list - 32ms
2019-10-15 16:29 +08:00:   --> GET /api/blog/list 200 35ms 2.7kb
2019-10-15 16:30 +08:00: 生产环境配置日志记录
2019-10-15 16:30 +08:00: listen on 80
2019-10-15 16:31 +08:00:   <-- GET /index.html?keywords=lv
2019-10-15 16:31 +08:00: index
2019-10-15 16:31 +08:00: GET /index.html?keywords=lv - 11ms
2019-10-15 16:31 +08:00:   --> GET /index.html?keywords=lv 200 21ms 3.45kb
2019-10-15 16:31 +08:00:   <-- GET /api/blog/list?keywords=lv
2019-10-15 16:31 +08:00: GET /api/blog/list?keywords=lv - 18ms
2019-10-15 16:31 +08:00:   --> GET /api/blog/list?keywords=lv 200 20ms 291b
2019-10-15 16:31 +08:00:   <-- GET /favicon.ico
2019-10-15 16:31 +08:00: GET /favicon.ico - 0ms
2019-10-15 16:31 +08:00:   --> GET /favicon.ico 200 2ms -
2019-10-15 16:32 +08:00: 生产环境配置日志记录
2019-10-15 16:32 +08:00: listen on 80
2019-10-15 16:38 +08:00: 生产环境配置日志记录
2019-10-15 16:38 +08:00: listen on 80
2019-10-15 16:40 +08:00: 生产环境配置日志记录
2019-10-15 16:40 +08:00: listen on 80
2019-10-15 16:53 +08:00: 生产环境配置日志记录
2019-10-15 16:53 +08:00: listen on 80
2019-10-15 16:57 +08:00: 生产环境配置日志记录
2019-10-15 16:57 +08:00: listen on 80
2019-10-15 16:57 +08:00: 生产环境配置日志记录
2019-10-15 16:57 +08:00: listen on 80
2019-10-15 16:58 +08:00: 生产环境配置日志记录
2019-10-15 16:58 +08:00: listen on 80
2019-10-15 16:59 +08:00: 生产环境配置日志记录
2019-10-15 16:59 +08:00: listen on 80
2019-10-15 16:59 +08:00: 生产环境配置日志记录
2019-10-15 16:59 +08:00: listen on 80
2019-10-15 17:27 +08:00: 生产环境配置日志记录
2019-10-15 17:27 +08:00: listen on 80
2019-10-15 17:28 +08:00: 生产环境配置日志记录
2019-10-15 17:28 +08:00: listen on 80
2019-10-15 17:29 +08:00: 生产环境配置日志记录
2019-10-15 17:29 +08:00: listen on 80
2019-10-15 17:46 +08:00: 生产环境配置日志记录
2019-10-15 17:46 +08:00: listen on 80
2019-10-15 18:12 +08:00: 生产环境配置日志记录
2019-10-15 18:12 +08:00: listen on 80
2019-10-15 20:20 +08:00: 生产环境配置日志记录
2019-10-15 20:20 +08:00: listen on 8081
