2019-05-21 17:56 +08:00: 生产环境配置日志记录
2019-05-21 17:56 +08:00: listen on 3000
2019-10-15 15:51 +08:00: 生产环境配置日志记录
2019-10-15 15:51 +08:00: listen on 80
2019-10-15 16:05 +08:00: 生产环境配置日志记录
2019-10-15 16:05 +08:00: listen on 80
2019-10-15 16:07 +08:00: 生产环境配置日志记录
2019-10-15 16:07 +08:00: listen on 80
2019-10-15 16:08 +08:00: 生产环境配置日志记录
2019-10-15 16:08 +08:00: listen on 80
2019-10-15 16:08 +08:00: 生产环境配置日志记录
2019-10-15 16:08 +08:00: listen on 80
2019-10-15 16:08 +08:00: 生产环境配置日志记录
2019-10-15 16:08 +08:00: listen on 80
2019-10-15 16:09 +08:00: 生产环境配置日志记录
2019-10-15 16:09 +08:00: listen on 80
2019-10-15 16:11 +08:00: 生产环境配置日志记录
2019-10-15 16:11 +08:00: listen on 80
2019-10-15 16:11 +08:00: 生产环境配置日志记录
2019-10-15 16:11 +08:00: listen on 80
2019-10-15 16:12 +08:00: 生产环境配置日志记录
2019-10-15 16:12 +08:00: listen on 80
2019-10-15 16:12 +08:00: 生产环境配置日志记录
2019-10-15 16:12 +08:00: listen on 80
2019-10-15 16:13 +08:00: 生产环境配置日志记录
2019-10-15 16:13 +08:00: listen on 80
2019-10-15 16:13 +08:00: 生产环境配置日志记录
2019-10-15 16:13 +08:00: listen on 80
2019-10-15 16:16 +08:00: 生产环境配置日志记录
2019-10-15 16:16 +08:00: listen on 80
2019-10-15 16:16 +08:00: 生产环境配置日志记录
2019-10-15 16:16 +08:00: listen on 80
2019-10-15 16:17 +08:00: 生产环境配置日志记录
2019-10-15 16:17 +08:00: listen on 80
2019-10-15 16:28 +08:00: 生产环境配置日志记录
2019-10-15 16:28 +08:00: listen on 80
2019-10-15 16:30 +08:00: 生产环境配置日志记录
2019-10-15 16:30 +08:00: listen on 80
2019-10-15 16:32 +08:00: 生产环境配置日志记录
2019-10-15 16:32 +08:00: listen on 80
2019-10-15 16:38 +08:00: 生产环境配置日志记录
2019-10-15 16:38 +08:00: listen on 80
2019-10-15 16:40 +08:00: 生产环境配置日志记录
2019-10-15 16:40 +08:00: listen on 80
2019-10-15 16:53 +08:00: 生产环境配置日志记录
2019-10-15 16:53 +08:00: listen on 80
2019-10-15 16:57 +08:00: 生产环境配置日志记录
2019-10-15 16:57 +08:00: listen on 80
2019-10-15 16:57 +08:00: 生产环境配置日志记录
2019-10-15 16:57 +08:00: listen on 80
2019-10-15 16:58 +08:00: 生产环境配置日志记录
2019-10-15 16:58 +08:00: listen on 80
2019-10-15 16:59 +08:00: 生产环境配置日志记录
2019-10-15 16:59 +08:00: listen on 80
2019-10-15 16:59 +08:00: 生产环境配置日志记录
2019-10-15 16:59 +08:00: listen on 80
2019-10-15 17:27 +08:00: 生产环境配置日志记录
2019-10-15 17:27 +08:00: listen on 80
2019-10-15 17:28 +08:00: 生产环境配置日志记录
2019-10-15 17:28 +08:00: listen on 80
2019-10-15 17:29 +08:00: 生产环境配置日志记录
2019-10-15 17:29 +08:00: listen on 80
2019-10-15 17:46 +08:00: 生产环境配置日志记录
2019-10-15 17:46 +08:00: listen on 80
2019-10-15 18:12 +08:00: 生产环境配置日志记录
2019-10-15 18:12 +08:00: listen on 80
2019-10-15 18:46 +08:00:   <-- GET /
2019-10-15 18:46 +08:00: index
2019-10-15 18:46 +08:00: GET / - 13ms
2019-10-15 18:46 +08:00:   --> GET / 200 25ms 3.45kb
2019-10-15 18:46 +08:00:   <-- GET /api/blog/list
2019-10-15 18:46 +08:00: GET /api/blog/list - 30ms
2019-10-15 18:46 +08:00:   --> GET /api/blog/list 200 31ms 2.7kb
2019-10-15 18:46 +08:00:   <-- GET /favicon.ico
2019-10-15 18:46 +08:00: GET /favicon.ico - 1ms
2019-10-15 18:46 +08:00:   --> GET /favicon.ico 200 2ms -
2019-10-15 20:21 +08:00: 生产环境配置日志记录
2019-10-15 20:21 +08:00: listen on 8081
